\BOOKMARK [1][-]{section.1}{\376\377\000I\000n\000t\000r\000o\000d\000u\000c\000t\000i\000o\000n}{}% 1
\BOOKMARK [1][-]{section.2}{\376\377\000O\000v\000e\000r\000v\000i\000e\000w}{}% 2
\BOOKMARK [2][-]{subsection.2.1}{\376\377\000U\000n\000d\000e\000r\000s\000t\000a\000n\000d\000i\000n\000g\000\040\000t\000h\000e\000\040\000I\000n\000t\000e\000r\000f\000a\000c\000e}{section.2}% 3
\BOOKMARK [3][-]{subsubsection.2.1.1}{\376\377\000S\000w\000i\000t\000c\000h\000e\000s}{subsection.2.1}% 4
\BOOKMARK [3][-]{subsubsection.2.1.2}{\376\377\000L\000o\000a\000d\000\040\000B\000u\000t\000t\000o\000n}{subsection.2.1}% 5
\BOOKMARK [3][-]{subsubsection.2.1.3}{\376\377\000C\000o\000n\000t\000r\000o\000l\000\040\000B\000u\000t\000t\000o\000n\000s}{subsection.2.1}% 6
\BOOKMARK [3][-]{subsubsection.2.1.4}{\376\377\000M\000e\000n\000u\000b\000a\000r\000\040\000B\000u\000t\000t\000o\000n\000s}{subsection.2.1}% 7
\BOOKMARK [2][-]{subsection.2.2}{\376\377\000S\000t\000r\000u\000c\000t\000u\000r\000e\000\040\000o\000f\000\040\000t\000h\000e\000\040\000P\000r\000o\000g\000r\000a\000m}{section.2}% 8
\BOOKMARK [2][-]{subsection.2.3}{\376\377\000R\000u\000n\000n\000i\000n\000g\000\040\000T\000h\000e\000\040\000P\000r\000o\000g\000r\000a\000m}{section.2}% 9
\BOOKMARK [3][-]{subsubsection.2.3.1}{\376\377\000F\000o\000r\000\040\000W\000i\000n\000d\000o\000w\000s}{subsection.2.3}% 10
\BOOKMARK [3][-]{subsubsection.2.3.2}{\376\377\000F\000o\000r\000\040\000M\000a\000c\000\040\000S\000y\000s\000t\000e\000m\000s}{subsection.2.3}% 11
\BOOKMARK [2][-]{subsection.2.4}{\376\377\000V\000i\000e\000w\000i\000n\000g\000\040\000t\000h\000e\000\040\000c\000a\000c\000h\000e}{section.2}% 12
\BOOKMARK [1][-]{section.3}{\376\377\000D\000e\000s\000i\000g\000n\000\040\000N\000o\000t\000e\000s}{}% 13
\BOOKMARK [2][-]{subsection.3.1}{\376\377\000C\000P\000U\000\040\000c\000l\000a\000s\000s\000\040\000s\000t\000r\000u\000c\000t\000u\000r\000e}{section.3}% 14
\BOOKMARK [3][-]{subsubsection.3.1.1}{\376\377\000C\000P\000U\000\040\000S\000t\000r\000u\000c\000t\000u\000r\000e}{subsection.3.1}% 15
\BOOKMARK [3][-]{subsubsection.3.1.2}{\376\377\000I\000n\000s\000t\000r\000u\000c\000t\000i\000o\000n\000s\000\040\000I\000m\000p\000l\000e\000m\000e\000n\000t\000e\000d}{subsection.3.1}% 16
\BOOKMARK [2][-]{subsection.3.2}{\376\377\000C\000a\000c\000h\000e\000\040\000I\000m\000p\000l\000e\000m\000e\000n\000t\000a\000t\000i\000o\000n}{section.3}% 17
\BOOKMARK [2][-]{subsection.3.3}{\376\377\000D\000e\000v\000i\000c\000e\000s\000\040\000I\000m\000p\000l\000e\000m\000e\000n\000t\000a\000t\000i\000o\000n}{section.3}% 18
\BOOKMARK [2][-]{subsection.3.4}{\376\377\000I\000m\000p\000l\000e\000m\000e\000n\000t\000i\000n\000g\000\040\000M\000F\000R\000\040\000a\000n\000d\000\040\000T\000r\000a\000p\000\040\000C\000o\000d\000e\000\040\000P\000h\000a\000s\000e\000\040\000I\000I\000I}{section.3}% 19
\BOOKMARK [3][-]{subsubsection.3.4.1}{\376\377\000R\000e\000s\000e\000r\000v\000e\000d\000\040\000M\000e\000m\000o\000r\000y}{subsection.3.4}% 20
\BOOKMARK [3][-]{subsubsection.3.4.2}{\376\377\000M\000F\000R\000\040\000a\000n\000d\000\040\000T\000R\000A\000P\000\040\000i\000m\000p\000l\000e\000m\000e\000n\000t\000a\000t\000i\000o\000n}{subsection.3.4}% 21
\BOOKMARK [1][-]{section.4}{\376\377\000R\000u\000n\000n\000i\000n\000g\000\040\000P\000r\000o\000g\000r\000a\000m\000\040\0002}{}% 22
\BOOKMARK [2][-]{subsection.4.1}{\376\377\000R\000u\000n\000n\000i\000n\000g\000\040\000t\000h\000e\000\040\000P\000r\000o\000g\000r\000a\000m\000\040\000T\000e\000s\000t}{section.4}% 23
\BOOKMARK [2][-]{subsection.4.2}{\376\377\000P\000r\000o\000g\000r\000a\000m\000\040\0002\000\040\000S\000o\000u\000r\000c\000e\000\040\000C\000o\000d\000e}{section.4}% 24
\BOOKMARK [1][-]{section.5}{\376\377\000V\000e\000c\000t\000o\000r\000\040\000O\000p\000e\000r\000a\000t\000i\000o\000n\000s\000\040\000a\000n\000d\000\040\000F\000l\000o\000a\000t\000i\000n\000g\000\040\000P\000o\000i\000n\000t\000\040\000O\000p\000e\000r\000a\000t\000i\000o\000n\000s\000\040\000P\000a\000r\000t\000\040\000I\000V\000a}{}% 25
\BOOKMARK [2][-]{subsection.5.1}{\376\377\000D\000e\000m\000o\000n\000s\000t\000r\000a\000t\000i\000o\000n\000\040\000o\000f\000\040\000V\000e\000c\000t\000o\000r\000\040\000O\000p\000e\000r\000a\000t\000i\000o\000n\000s\000/\000F\000l\000o\000a\000t\000i\000n\000g\000\040\000O\000p\000e\000r\000a\000t\000i\000o\000n\000s\000\040\000u\000s\000i\000n\000g\000\040\000P\000r\000o\000g\000r\000a\000m\000\040\0003}{section.5}% 26
\BOOKMARK [2][-]{subsection.5.2}{\376\377\000P\000r\000o\000g\000r\000a\000m\000\040\0003\000\040\000S\000o\000u\000r\000c\000e\000\040\000C\000o\000d\000e}{section.5}% 27
\BOOKMARK [2][-]{subsection.5.3}{\376\377\000P\000r\000o\000g\000r\000a\000m\000\040\0004\000\040\000f\000o\000r\000\040\000C\000o\000n\000v\000e\000r\000t\000O\000p\000C\000o\000d\000e}{section.5}% 28
\BOOKMARK [1][-]{section.6}{\376\377\000C\000o\000n\000c\000l\000u\000s\000i\000o\000n}{}% 29
